<?xml version="1.0" encoding="UTF-8"?>
<testsuite xmlns:xsi="http://www.w3.org/2001/XMLSchema-instance" xsi:noNamespaceSchemaLocation="https://maven.apache.org/surefire/maven-surefire-plugin/xsd/surefire-test-report.xsd" name="com.burwa.weatherapp.WeatherApp.WeatherAppApplicationTests" time="0.101" tests="3" errors="3" skipped="0" failures="0">
  <properties>
    <property name="sun.desktop" value="windows"/>
    <property name="awt.toolkit" value="sun.awt.windows.WToolkit"/>
    <property name="file.encoding.pkg" value="sun.io"/>
    <property name="java.specification.version" value="1.8"/>
    <property name="sun.cpu.isalist" value="amd64"/>
    <property name="sun.jnu.encoding" value="Cp1252"/>
    <property name="java.class.path" value="E:\WeatherApp\WeatherApp\target\test-classes;E:\WeatherApp\WeatherApp\target\classes;C:\Users\Ayush\.m2\repository\com\vaadin\vaadin-spring-boot-starter\2.0.1\vaadin-spring-boot-starter-2.0.1.jar;C:\Users\Ayush\.m2\repository\com\vaadin\vaadin-spring-boot\2.0.1\vaadin-spring-boot-2.0.1.jar;C:\Users\Ayush\.m2\repository\com\vaadin\vaadin-spring\2.0.1\vaadin-spring-2.0.1.jar;C:\Users\Ayush\.m2\repository\com\vaadin\vaadin-server\8.1.0\vaadin-server-8.1.0.jar;C:\Users\Ayush\.m2\repository\com\vaadin\vaadin-sass-compiler\0.9.13\vaadin-sass-compiler-0.9.13.jar;C:\Users\Ayush\.m2\repository\org\w3c\css\sac\1.3\sac-1.3.jar;C:\Users\Ayush\.m2\repository\com\vaadin\external\flute\flute\1.3.0.gg2\flute-1.3.0.gg2.jar;C:\Users\Ayush\.m2\repository\com\vaadin\vaadin-shared\8.1.0\vaadin-shared-8.1.0.jar;C:\Users\Ayush\.m2\repository\org\jsoup\jsoup\1.8.3\jsoup-1.8.3.jar;C:\Users\Ayush\.m2\repository\com\vaadin\external\gentyref\1.2.0.vaadin1\gentyref-1.2.0.vaadin1.jar;C:\Users\Ayush\.m2\repository\org\springframework\boot\spring-boot\2.1.14.RELEASE\spring-boot-2.1.14.RELEASE.jar;C:\Users\Ayush\.m2\repository\org\springframework\spring-context\5.1.15.RELEASE\spring-context-5.1.15.RELEASE.jar;C:\Users\Ayush\.m2\repository\org\springframework\boot\spring-boot-autoconfigure\2.1.14.RELEASE\spring-boot-autoconfigure-2.1.14.RELEASE.jar;C:\Users\Ayush\.m2\repository\org\springframework\spring-webmvc\5.1.15.RELEASE\spring-webmvc-5.1.15.RELEASE.jar;C:\Users\Ayush\.m2\repository\org\springframework\spring-aop\5.1.15.RELEASE\spring-aop-5.1.15.RELEASE.jar;C:\Users\Ayush\.m2\repository\org\springframework\spring-beans\5.1.15.RELEASE\spring-beans-5.1.15.RELEASE.jar;C:\Users\Ayush\.m2\repository\org\springframework\spring-expression\5.1.15.RELEASE\spring-expression-5.1.15.RELEASE.jar;C:\Users\Ayush\.m2\repository\org\springframework\boot\spring-boot-starter-web\2.1.14.RELEASE\spring-boot-starter-web-2.1.14.RELEASE.jar;C:\Users\Ayush\.m2\repository\org\springframework\boot\spring-boot-starter-json\2.1.14.RELEASE\spring-boot-starter-json-2.1.14.RELEASE.jar;C:\Users\Ayush\.m2\repository\com\fasterxml\jackson\core\jackson-databind\2.9.10.4\jackson-databind-2.9.10.4.jar;C:\Users\Ayush\.m2\repository\com\fasterxml\jackson\core\jackson-annotations\2.9.10\jackson-annotations-2.9.10.jar;C:\Users\Ayush\.m2\repository\com\fasterxml\jackson\core\jackson-core\2.9.10\jackson-core-2.9.10.jar;C:\Users\Ayush\.m2\repository\com\fasterxml\jackson\datatype\jackson-datatype-jdk8\2.9.10\jackson-datatype-jdk8-2.9.10.jar;C:\Users\Ayush\.m2\repository\com\fasterxml\jackson\datatype\jackson-datatype-jsr310\2.9.10\jackson-datatype-jsr310-2.9.10.jar;C:\Users\Ayush\.m2\repository\com\fasterxml\jackson\module\jackson-module-parameter-names\2.9.10\jackson-module-parameter-names-2.9.10.jar;C:\Users\Ayush\.m2\repository\org\springframework\boot\spring-boot-starter-tomcat\2.1.14.RELEASE\spring-boot-starter-tomcat-2.1.14.RELEASE.jar;C:\Users\Ayush\.m2\repository\org\apache\tomcat\embed\tomcat-embed-core\9.0.34\tomcat-embed-core-9.0.34.jar;C:\Users\Ayush\.m2\repository\org\apache\tomcat\embed\tomcat-embed-el\9.0.34\tomcat-embed-el-9.0.34.jar;C:\Users\Ayush\.m2\repository\org\apache\tomcat\embed\tomcat-embed-websocket\9.0.34\tomcat-embed-websocket-9.0.34.jar;C:\Users\Ayush\.m2\repository\org\hibernate\validator\hibernate-validator\6.0.19.Final\hibernate-validator-6.0.19.Final.jar;C:\Users\Ayush\.m2\repository\javax\validation\validation-api\2.0.1.Final\validation-api-2.0.1.Final.jar;C:\Users\Ayush\.m2\repository\org\jboss\logging\jboss-logging\3.3.3.Final\jboss-logging-3.3.3.Final.jar;C:\Users\Ayush\.m2\repository\com\fasterxml\classmate\1.4.0\classmate-1.4.0.jar;C:\Users\Ayush\.m2\repository\org\springframework\spring-web\5.1.15.RELEASE\spring-web-5.1.15.RELEASE.jar;C:\Users\Ayush\.m2\repository\com\vaadin\vaadin-themes\8.1.0\vaadin-themes-8.1.0.jar;C:\Users\Ayush\.m2\repository\com\vaadin\vaadin-client-compiled\8.1.0\vaadin-client-compiled-8.1.0.jar;C:\Users\Ayush\.m2\repository\org\springframework\boot\spring-boot-starter-test\2.1.14.RELEASE\spring-boot-starter-test-2.1.14.RELEASE.jar;C:\Users\Ayush\.m2\repository\org\springframework\boot\spring-boot-starter\2.1.14.RELEASE\spring-boot-starter-2.1.14.RELEASE.jar;C:\Users\Ayush\.m2\repository\org\springframework\boot\spring-boot-starter-logging\2.1.14.RELEASE\spring-boot-starter-logging-2.1.14.RELEASE.jar;C:\Users\Ayush\.m2\repository\ch\qos\logback\logback-classic\1.2.3\logback-classic-1.2.3.jar;C:\Users\Ayush\.m2\repository\ch\qos\logback\logback-core\1.2.3\logback-core-1.2.3.jar;C:\Users\Ayush\.m2\repository\org\apache\logging\log4j\log4j-to-slf4j\2.11.2\log4j-to-slf4j-2.11.2.jar;C:\Users\Ayush\.m2\repository\org\apache\logging\log4j\log4j-api\2.11.2\log4j-api-2.11.2.jar;C:\Users\Ayush\.m2\repository\org\slf4j\jul-to-slf4j\1.7.30\jul-to-slf4j-1.7.30.jar;C:\Users\Ayush\.m2\repository\javax\annotation\javax.annotation-api\1.3.2\javax.annotation-api-1.3.2.jar;C:\Users\Ayush\.m2\repository\org\yaml\snakeyaml\1.23\snakeyaml-1.23.jar;C:\Users\Ayush\.m2\repository\org\springframework\boot\spring-boot-test\2.1.14.RELEASE\spring-boot-test-2.1.14.RELEASE.jar;C:\Users\Ayush\.m2\repository\org\springframework\boot\spring-boot-test-autoconfigure\2.1.14.RELEASE\spring-boot-test-autoconfigure-2.1.14.RELEASE.jar;C:\Users\Ayush\.m2\repository\com\jayway\jsonpath\json-path\2.4.0\json-path-2.4.0.jar;C:\Users\Ayush\.m2\repository\net\minidev\json-smart\2.3\json-smart-2.3.jar;C:\Users\Ayush\.m2\repository\net\minidev\accessors-smart\1.2\accessors-smart-1.2.jar;C:\Users\Ayush\.m2\repository\org\ow2\asm\asm\5.0.4\asm-5.0.4.jar;C:\Users\Ayush\.m2\repository\org\slf4j\slf4j-api\1.7.30\slf4j-api-1.7.30.jar;C:\Users\Ayush\.m2\repository\junit\junit\4.12\junit-4.12.jar;C:\Users\Ayush\.m2\repository\org\assertj\assertj-core\3.11.1\assertj-core-3.11.1.jar;C:\Users\Ayush\.m2\repository\org\mockito\mockito-core\2.23.4\mockito-core-2.23.4.jar;C:\Users\Ayush\.m2\repository\net\bytebuddy\byte-buddy\1.9.16\byte-buddy-1.9.16.jar;C:\Users\Ayush\.m2\repository\net\bytebuddy\byte-buddy-agent\1.9.16\byte-buddy-agent-1.9.16.jar;C:\Users\Ayush\.m2\repository\org\objenesis\objenesis\2.6\objenesis-2.6.jar;C:\Users\Ayush\.m2\repository\org\hamcrest\hamcrest-core\1.3\hamcrest-core-1.3.jar;C:\Users\Ayush\.m2\repository\org\hamcrest\hamcrest-library\1.3\hamcrest-library-1.3.jar;C:\Users\Ayush\.m2\repository\org\skyscreamer\jsonassert\1.5.0\jsonassert-1.5.0.jar;C:\Users\Ayush\.m2\repository\org\springframework\spring-core\5.1.15.RELEASE\spring-core-5.1.15.RELEASE.jar;C:\Users\Ayush\.m2\repository\org\springframework\spring-jcl\5.1.15.RELEASE\spring-jcl-5.1.15.RELEASE.jar;C:\Users\Ayush\.m2\repository\org\springframework\spring-test\5.1.15.RELEASE\spring-test-5.1.15.RELEASE.jar;C:\Users\Ayush\.m2\repository\org\xmlunit\xmlunit-core\2.6.4\xmlunit-core-2.6.4.jar;C:\Users\Ayush\.m2\repository\com\squareup\okhttp3\okhttp\4.7.2\okhttp-4.7.2.jar;C:\Users\Ayush\.m2\repository\com\squareup\okio\okio\2.6.0\okio-2.6.0.jar;C:\Users\Ayush\.m2\repository\com\vaadin\external\google\android-json\0.0.20131108.vaadin1\android-json-0.0.20131108.vaadin1.jar;C:\Users\Ayush\.m2\repository\org\jetbrains\kotlin\kotlin-stdlib\1.3.70\kotlin-stdlib-1.3.70.jar;C:\Users\Ayush\.m2\repository\org\jetbrains\kotlin\kotlin-stdlib-common\1.3.70\kotlin-stdlib-common-1.3.70.jar;C:\Users\Ayush\.m2\repository\org\jetbrains\annotations\13.0\annotations-13.0.jar;"/>
    <property name="java.vm.vendor" value="Oracle Corporation"/>
    <property name="sun.arch.data.model" value="64"/>
    <property name="user.variant" value=""/>
    <property name="java.vendor.url" value="http://java.oracle.com/"/>
    <property name="user.timezone" value="Asia/Katmandu"/>
    <property name="java.vm.specification.version" value="1.8"/>
    <property name="os.name" value="Windows 10"/>
    <property name="user.country" value="US"/>
    <property name="sun.java.launcher" value="SUN_STANDARD"/>
    <property name="sun.boot.library.path" value="C:\Program Files\Java\jdk1.8.0_301\jre\bin"/>
    <property name="sun.java.command" value="C:\Users\Ayush\AppData\Local\Temp\surefire8157915661138472500\surefirebooter3417765340986740244.jar C:\Users\Ayush\AppData\Local\Temp\surefire8157915661138472500 2022-03-04T12-44-26_870-jvmRun1 surefire2682599245445519746tmp surefire_07496745401781588814tmp"/>
    <property name="surefire.test.class.path" value="E:\WeatherApp\WeatherApp\target\test-classes;E:\WeatherApp\WeatherApp\target\classes;C:\Users\Ayush\.m2\repository\com\vaadin\vaadin-spring-boot-starter\2.0.1\vaadin-spring-boot-starter-2.0.1.jar;C:\Users\Ayush\.m2\repository\com\vaadin\vaadin-spring-boot\2.0.1\vaadin-spring-boot-2.0.1.jar;C:\Users\Ayush\.m2\repository\com\vaadin\vaadin-spring\2.0.1\vaadin-spring-2.0.1.jar;C:\Users\Ayush\.m2\repository\com\vaadin\vaadin-server\8.1.0\vaadin-server-8.1.0.jar;C:\Users\Ayush\.m2\repository\com\vaadin\vaadin-sass-compiler\0.9.13\vaadin-sass-compiler-0.9.13.jar;C:\Users\Ayush\.m2\repository\org\w3c\css\sac\1.3\sac-1.3.jar;C:\Users\Ayush\.m2\repository\com\vaadin\external\flute\flute\1.3.0.gg2\flute-1.3.0.gg2.jar;C:\Users\Ayush\.m2\repository\com\vaadin\vaadin-shared\8.1.0\vaadin-shared-8.1.0.jar;C:\Users\Ayush\.m2\repository\org\jsoup\jsoup\1.8.3\jsoup-1.8.3.jar;C:\Users\Ayush\.m2\repository\com\vaadin\external\gentyref\1.2.0.vaadin1\gentyref-1.2.0.vaadin1.jar;C:\Users\Ayush\.m2\repository\org\springframework\boot\spring-boot\2.1.14.RELEASE\spring-boot-2.1.14.RELEASE.jar;C:\Users\Ayush\.m2\repository\org\springframework\spring-context\5.1.15.RELEASE\spring-context-5.1.15.RELEASE.jar;C:\Users\Ayush\.m2\repository\org\springframework\boot\spring-boot-autoconfigure\2.1.14.RELEASE\spring-boot-autoconfigure-2.1.14.RELEASE.jar;C:\Users\Ayush\.m2\repository\org\springframework\spring-webmvc\5.1.15.RELEASE\spring-webmvc-5.1.15.RELEASE.jar;C:\Users\Ayush\.m2\repository\org\springframework\spring-aop\5.1.15.RELEASE\spring-aop-5.1.15.RELEASE.jar;C:\Users\Ayush\.m2\repository\org\springframework\spring-beans\5.1.15.RELEASE\spring-beans-5.1.15.RELEASE.jar;C:\Users\Ayush\.m2\repository\org\springframework\spring-expression\5.1.15.RELEASE\spring-expression-5.1.15.RELEASE.jar;C:\Users\Ayush\.m2\repository\org\springframework\boot\spring-boot-starter-web\2.1.14.RELEASE\spring-boot-starter-web-2.1.14.RELEASE.jar;C:\Users\Ayush\.m2\repository\org\springframework\boot\spring-boot-starter-json\2.1.14.RELEASE\spring-boot-starter-json-2.1.14.RELEASE.jar;C:\Users\Ayush\.m2\repository\com\fasterxml\jackson\core\jackson-databind\2.9.10.4\jackson-databind-2.9.10.4.jar;C:\Users\Ayush\.m2\repository\com\fasterxml\jackson\core\jackson-annotations\2.9.10\jackson-annotations-2.9.10.jar;C:\Users\Ayush\.m2\repository\com\fasterxml\jackson\core\jackson-core\2.9.10\jackson-core-2.9.10.jar;C:\Users\Ayush\.m2\repository\com\fasterxml\jackson\datatype\jackson-datatype-jdk8\2.9.10\jackson-datatype-jdk8-2.9.10.jar;C:\Users\Ayush\.m2\repository\com\fasterxml\jackson\datatype\jackson-datatype-jsr310\2.9.10\jackson-datatype-jsr310-2.9.10.jar;C:\Users\Ayush\.m2\repository\com\fasterxml\jackson\module\jackson-module-parameter-names\2.9.10\jackson-module-parameter-names-2.9.10.jar;C:\Users\Ayush\.m2\repository\org\springframework\boot\spring-boot-starter-tomcat\2.1.14.RELEASE\spring-boot-starter-tomcat-2.1.14.RELEASE.jar;C:\Users\Ayush\.m2\repository\org\apache\tomcat\embed\tomcat-embed-core\9.0.34\tomcat-embed-core-9.0.34.jar;C:\Users\Ayush\.m2\repository\org\apache\tomcat\embed\tomcat-embed-el\9.0.34\tomcat-embed-el-9.0.34.jar;C:\Users\Ayush\.m2\repository\org\apache\tomcat\embed\tomcat-embed-websocket\9.0.34\tomcat-embed-websocket-9.0.34.jar;C:\Users\Ayush\.m2\repository\org\hibernate\validator\hibernate-validator\6.0.19.Final\hibernate-validator-6.0.19.Final.jar;C:\Users\Ayush\.m2\repository\javax\validation\validation-api\2.0.1.Final\validation-api-2.0.1.Final.jar;C:\Users\Ayush\.m2\repository\org\jboss\logging\jboss-logging\3.3.3.Final\jboss-logging-3.3.3.Final.jar;C:\Users\Ayush\.m2\repository\com\fasterxml\classmate\1.4.0\classmate-1.4.0.jar;C:\Users\Ayush\.m2\repository\org\springframework\spring-web\5.1.15.RELEASE\spring-web-5.1.15.RELEASE.jar;C:\Users\Ayush\.m2\repository\com\vaadin\vaadin-themes\8.1.0\vaadin-themes-8.1.0.jar;C:\Users\Ayush\.m2\repository\com\vaadin\vaadin-client-compiled\8.1.0\vaadin-client-compiled-8.1.0.jar;C:\Users\Ayush\.m2\repository\org\springframework\boot\spring-boot-starter-test\2.1.14.RELEASE\spring-boot-starter-test-2.1.14.RELEASE.jar;C:\Users\Ayush\.m2\repository\org\springframework\boot\spring-boot-starter\2.1.14.RELEASE\spring-boot-starter-2.1.14.RELEASE.jar;C:\Users\Ayush\.m2\repository\org\springframework\boot\spring-boot-starter-logging\2.1.14.RELEASE\spring-boot-starter-logging-2.1.14.RELEASE.jar;C:\Users\Ayush\.m2\repository\ch\qos\logback\logback-classic\1.2.3\logback-classic-1.2.3.jar;C:\Users\Ayush\.m2\repository\ch\qos\logback\logback-core\1.2.3\logback-core-1.2.3.jar;C:\Users\Ayush\.m2\repository\org\apache\logging\log4j\log4j-to-slf4j\2.11.2\log4j-to-slf4j-2.11.2.jar;C:\Users\Ayush\.m2\repository\org\apache\logging\log4j\log4j-api\2.11.2\log4j-api-2.11.2.jar;C:\Users\Ayush\.m2\repository\org\slf4j\jul-to-slf4j\1.7.30\jul-to-slf4j-1.7.30.jar;C:\Users\Ayush\.m2\repository\javax\annotation\javax.annotation-api\1.3.2\javax.annotation-api-1.3.2.jar;C:\Users\Ayush\.m2\repository\org\yaml\snakeyaml\1.23\snakeyaml-1.23.jar;C:\Users\Ayush\.m2\repository\org\springframework\boot\spring-boot-test\2.1.14.RELEASE\spring-boot-test-2.1.14.RELEASE.jar;C:\Users\Ayush\.m2\repository\org\springframework\boot\spring-boot-test-autoconfigure\2.1.14.RELEASE\spring-boot-test-autoconfigure-2.1.14.RELEASE.jar;C:\Users\Ayush\.m2\repository\com\jayway\jsonpath\json-path\2.4.0\json-path-2.4.0.jar;C:\Users\Ayush\.m2\repository\net\minidev\json-smart\2.3\json-smart-2.3.jar;C:\Users\Ayush\.m2\repository\net\minidev\accessors-smart\1.2\accessors-smart-1.2.jar;C:\Users\Ayush\.m2\repository\org\ow2\asm\asm\5.0.4\asm-5.0.4.jar;C:\Users\Ayush\.m2\repository\org\slf4j\slf4j-api\1.7.30\slf4j-api-1.7.30.jar;C:\Users\Ayush\.m2\repository\junit\junit\4.12\junit-4.12.jar;C:\Users\Ayush\.m2\repository\org\assertj\assertj-core\3.11.1\assertj-core-3.11.1.jar;C:\Users\Ayush\.m2\repository\org\mockito\mockito-core\2.23.4\mockito-core-2.23.4.jar;C:\Users\Ayush\.m2\repository\net\bytebuddy\byte-buddy\1.9.16\byte-buddy-1.9.16.jar;C:\Users\Ayush\.m2\repository\net\bytebuddy\byte-buddy-agent\1.9.16\byte-buddy-agent-1.9.16.jar;C:\Users\Ayush\.m2\repository\org\objenesis\objenesis\2.6\objenesis-2.6.jar;C:\Users\Ayush\.m2\repository\org\hamcrest\hamcrest-core\1.3\hamcrest-core-1.3.jar;C:\Users\Ayush\.m2\repository\org\hamcrest\hamcrest-library\1.3\hamcrest-library-1.3.jar;C:\Users\Ayush\.m2\repository\org\skyscreamer\jsonassert\1.5.0\jsonassert-1.5.0.jar;C:\Users\Ayush\.m2\repository\org\springframework\spring-core\5.1.15.RELEASE\spring-core-5.1.15.RELEASE.jar;C:\Users\Ayush\.m2\repository\org\springframework\spring-jcl\5.1.15.RELEASE\spring-jcl-5.1.15.RELEASE.jar;C:\Users\Ayush\.m2\repository\org\springframework\spring-test\5.1.15.RELEASE\spring-test-5.1.15.RELEASE.jar;C:\Users\Ayush\.m2\repository\org\xmlunit\xmlunit-core\2.6.4\xmlunit-core-2.6.4.jar;C:\Users\Ayush\.m2\repository\com\squareup\okhttp3\okhttp\4.7.2\okhttp-4.7.2.jar;C:\Users\Ayush\.m2\repository\com\squareup\okio\okio\2.6.0\okio-2.6.0.jar;C:\Users\Ayush\.m2\repository\com\vaadin\external\google\android-json\0.0.20131108.vaadin1\android-json-0.0.20131108.vaadin1.jar;C:\Users\Ayush\.m2\repository\org\jetbrains\kotlin\kotlin-stdlib\1.3.70\kotlin-stdlib-1.3.70.jar;C:\Users\Ayush\.m2\repository\org\jetbrains\kotlin\kotlin-stdlib-common\1.3.70\kotlin-stdlib-common-1.3.70.jar;C:\Users\Ayush\.m2\repository\org\jetbrains\annotations\13.0\annotations-13.0.jar;"/>
    <property name="sun.cpu.endian" value="little"/>
    <property name="user.home" value="C:\Users\Ayush"/>
    <property name="user.language" value="en"/>
    <property name="java.specification.vendor" value="Oracle Corporation"/>
    <property name="java.home" value="C:\Program Files\Java\jdk1.8.0_301\jre"/>
    <property name="basedir" value="E:\WeatherApp\WeatherApp"/>
    <property name="file.separator" value="\"/>
    <property name="line.separator" value="&#10;"/>
    <property name="java.vm.specification.vendor" value="Oracle Corporation"/>
    <property name="java.specification.name" value="Java Platform API Specification"/>
    <property name="java.awt.graphicsenv" value="sun.awt.Win32GraphicsEnvironment"/>
    <property name="surefire.real.class.path" value="C:\Users\Ayush\AppData\Local\Temp\surefire8157915661138472500\surefirebooter3417765340986740244.jar"/>
    <property name="idea.version2020.1.4" value="true"/>
    <property name="sun.boot.class.path" value="C:\Program Files\Java\jdk1.8.0_301\jre\lib\resources.jar;C:\Program Files\Java\jdk1.8.0_301\jre\lib\rt.jar;C:\Program Files\Java\jdk1.8.0_301\jre\lib\sunrsasign.jar;C:\Program Files\Java\jdk1.8.0_301\jre\lib\jsse.jar;C:\Program Files\Java\jdk1.8.0_301\jre\lib\jce.jar;C:\Program Files\Java\jdk1.8.0_301\jre\lib\charsets.jar;C:\Program Files\Java\jdk1.8.0_301\jre\lib\jfr.jar;C:\Program Files\Java\jdk1.8.0_301\jre\classes"/>
    <property name="user.script" value=""/>
    <property name="sun.management.compiler" value="HotSpot 64-Bit Tiered Compilers"/>
    <property name="java.runtime.version" value="1.8.0_301-b09"/>
    <property name="user.name" value="Ayush"/>
    <property name="path.separator" value=";"/>
    <property name="os.version" value="10.0"/>
    <property name="java.endorsed.dirs" value="C:\Program Files\Java\jdk1.8.0_301\jre\lib\endorsed"/>
    <property name="java.runtime.name" value="Java(TM) SE Runtime Environment"/>
    <property name="file.encoding" value="Cp1252"/>
    <property name="java.vm.name" value="Java HotSpot(TM) 64-Bit Server VM"/>
    <property name="localRepository" value="C:\Users\Ayush\.m2\repository"/>
    <property name="java.vendor.url.bug" value="http://bugreport.sun.com/bugreport/"/>
    <property name="java.io.tmpdir" value="C:\Users\Ayush\AppData\Local\Temp\"/>
    <property name="java.version" value="1.8.0_301"/>
    <property name="user.dir" value="E:\WeatherApp\WeatherApp"/>
    <property name="os.arch" value="amd64"/>
    <property name="java.vm.specification.name" value="Java Virtual Machine Specification"/>
    <property name="java.awt.printerjob" value="sun.awt.windows.WPrinterJob"/>
    <property name="sun.os.patch.level" value=""/>
    <property name="java.library.path" value="C:\Program Files\Java\jdk1.8.0_301\jre\bin;C:\Windows\Sun\Java\bin;C:\Windows\system32;C:\Windows;C:\Program Files (x86)\Common Files\Oracle\Java\javapath;C:\Windows;C:\Windows\system32;C:\Windows\System32\Wbem;C:\Windows\System32\WindowsPowerShell\v1.0\;C:\Windows\System32\OpenSSH\;C:\Users\Ayush\AppData\Local\Programs\Python\Python39\Scripts;C:\Users\Ayush\AppData\Local\Programs\Python\Python39;C:\Program Files\nodejs\;C:\ProgramData\chocolatey\bin;C:\Program Files\Docker\Docker\resources\bin;C:\ProgramData\DockerDesktop\version-bin;D:\Git\cmd;C:\Program Files\Java\jdk1.8.0_301\bin;C:\xampp\php;C:\ProgramData\ComposerSetup\bin;C:\Program Files\Symfony;C:\Program Files\MySQL\MySQL Shell 8.0\bin\;C:\Users\Ayush\AppData\Local\Microsoft\WindowsApps;C:\Users\Ayush\AppData\Local\Programs\Microsoft VS Code\bin;C:\Users\Ayush\AppData\Roaming\npm;C:\Program Files\Java\jdk1.8.0_301\bin;C:\Program Files\Java\jre1.8.0_301\bin;C:\Users\Ayush\AppData\Local\Programs\Python\Python39;C:\Users\Ayush\AppData\Roaming\Python\Python39\Scripts;C:\Users\Ayush\AppData\Roaming\Composer\vendor\bin;C:\xampp\php;;."/>
    <property name="java.vm.info" value="mixed mode"/>
    <property name="java.vendor" value="Oracle Corporation"/>
    <property name="java.vm.version" value="25.301-b09"/>
    <property name="java.ext.dirs" value="C:\Program Files\Java\jdk1.8.0_301\jre\lib\ext;C:\Windows\Sun\Java\lib\ext"/>
    <property name="sun.io.unicode.encoding" value="UnicodeLittle"/>
    <property name="java.class.version" value="52.0"/>
  </properties>
  <testcase name="initializationError" classname="com.burwa.weatherapp.WeatherApp.WeatherAppApplicationTests" time="0.01">
    <error message="The class com.burwa.weatherapp.WeatherApp.WeatherAppApplicationTests is not public." type="java.lang.Exception">java.lang.Exception: The class com.burwa.weatherapp.WeatherApp.WeatherAppApplicationTests is not public.
</error>
  </testcase>
  <testcase name="initializationError" classname="com.burwa.weatherapp.WeatherApp.WeatherAppApplicationTests" time="0">
    <error message="Test class should have exactly one public constructor" type="java.lang.Exception">java.lang.Exception: Test class should have exactly one public constructor
</error>
  </testcase>
  <testcase name="initializationError" classname="com.burwa.weatherapp.WeatherApp.WeatherAppApplicationTests" time="0">
    <error message="Method contextLoads() should be public" type="java.lang.Exception">java.lang.Exception: Method contextLoads() should be public
</error>
  </testcase>
</testsuite>